c:\users\ziqi\documents\github\soft3d\soft3d\debug\vc140.pdb
c:\users\ziqi\documents\github\soft3d\soft3d\debug\vc140.idb
c:\users\ziqi\documents\github\soft3d\soft3d\debug\main.obj
c:\users\ziqi\documents\github\soft3d\soft3d\debug\transform.obj
c:\users\ziqi\documents\github\soft3d\soft3d\debug\main.obj.enc
c:\users\ziqi\documents\github\soft3d\debug\soft3d.pdb
c:\users\ziqi\documents\github\soft3d\soft3d\debug\soft3d.tlog\cl.command.1.tlog
c:\users\ziqi\documents\github\soft3d\soft3d\debug\soft3d.tlog\cl.read.1.tlog
c:\users\ziqi\documents\github\soft3d\soft3d\debug\soft3d.tlog\cl.write.1.tlog
c:\users\ziqi\documents\github\soft3d\soft3d\debug\soft3d.tlog\link-cvtres.read.1.tlog
c:\users\ziqi\documents\github\soft3d\soft3d\debug\soft3d.tlog\link-cvtres.write.1.tlog
c:\users\ziqi\documents\github\soft3d\soft3d\debug\soft3d.tlog\link-rc.read.1.tlog
c:\users\ziqi\documents\github\soft3d\soft3d\debug\soft3d.tlog\link-rc.write.1.tlog
c:\users\ziqi\documents\github\soft3d\soft3d\debug\soft3d.tlog\link.4800-cvtres.read.1.tlog
c:\users\ziqi\documents\github\soft3d\soft3d\debug\soft3d.tlog\link.4800-cvtres.write.1.tlog
c:\users\ziqi\documents\github\soft3d\soft3d\debug\soft3d.tlog\link.4800-rc.read.1.tlog
c:\users\ziqi\documents\github\soft3d\soft3d\debug\soft3d.tlog\link.4800-rc.write.1.tlog
c:\users\ziqi\documents\github\soft3d\soft3d\debug\soft3d.tlog\link.4800.read.1.tlog
c:\users\ziqi\documents\github\soft3d\soft3d\debug\soft3d.tlog\link.4800.write.1.tlog
c:\users\ziqi\documents\github\soft3d\soft3d\debug\soft3d.tlog\link.command.1.tlog
c:\users\ziqi\documents\github\soft3d\soft3d\debug\soft3d.tlog\link.read.1.tlog
c:\users\ziqi\documents\github\soft3d\soft3d\debug\soft3d.tlog\link.write.1.tlog
